<?xml version="1.0" encoding="UTF-8"?>
<coverage generated="1671179449906" clover="3.2.0">
  <project timestamp="1671179449906" name="All files">
    <metrics statements="61" coveredstatements="45" conditionals="12" coveredconditionals="6" methods="13" coveredmethods="8" elements="86" coveredelements="59" complexity="0" loc="61" ncloc="61" packages="2" files="2" classes="2"/>
    <package name="__mock__">
      <metrics statements="35" coveredstatements="35" conditionals="4" coveredconditionals="4" methods="6" coveredmethods="6"/>
      <file name="utils.js" path="C:\Users\LEEHANEY\Desktop\microverse\module2\block2\todo-review\src\__mock__\utils.js">
        <metrics statements="35" coveredstatements="35" conditionals="4" coveredconditionals="4" methods="6" coveredmethods="6"/>
        <line num="3" count="1" type="stmt"/>
        <line num="4" count="3" type="stmt"/>
        <line num="5" count="3" type="stmt"/>
        <line num="6" count="3" type="cond" truecount="2" falsecount="0"/>
        <line num="7" count="1" type="stmt"/>
        <line num="9" count="2" type="stmt"/>
        <line num="11" count="3" type="stmt"/>
        <line num="12" count="3" type="stmt"/>
        <line num="13" count="3" type="stmt"/>
        <line num="14" count="3" type="stmt"/>
        <line num="15" count="3" type="stmt"/>
        <line num="18" count="1" type="stmt"/>
        <line num="19" count="3" type="stmt"/>
        <line num="20" count="3" type="stmt"/>
        <line num="21" count="3" type="stmt"/>
        <line num="22" count="3" type="stmt"/>
        <line num="24" count="3" type="stmt"/>
        <line num="25" count="3" type="stmt"/>
        <line num="28" count="1" type="stmt"/>
        <line num="29" count="3" type="stmt"/>
        <line num="30" count="3" type="stmt"/>
        <line num="31" count="3" type="stmt"/>
        <line num="32" count="3" type="stmt"/>
        <line num="33" count="3" type="stmt"/>
        <line num="34" count="3" type="stmt"/>
        <line num="35" count="3" type="stmt"/>
        <line num="38" count="1" type="stmt"/>
        <line num="39" count="5" type="stmt"/>
        <line num="40" count="5" type="cond" truecount="2" falsecount="0"/>
        <line num="41" count="3" type="stmt"/>
        <line num="43" count="5" type="stmt"/>
        <line num="46" count="1" type="stmt"/>
        <line num="47" count="5" type="stmt"/>
        <line num="48" count="5" type="stmt"/>
        <line num="49" count="5" type="stmt"/>
      </file>
    </package>
    <package name="modules">
      <metrics statements="26" coveredstatements="10" conditionals="8" coveredconditionals="2" methods="7" coveredmethods="2"/>
      <file name="complete.js" path="C:\Users\LEEHANEY\Desktop\microverse\module2\block2\todo-review\src\modules\complete.js">
        <metrics statements="26" coveredstatements="10" conditionals="8" coveredconditionals="2" methods="7" coveredmethods="2"/>
        <line num="1" count="1" type="stmt"/>
        <line num="2" count="6" type="stmt"/>
        <line num="5" count="1" type="stmt"/>
        <line num="6" count="9" type="stmt"/>
        <line num="7" count="9" type="stmt"/>
        <line num="8" count="9" type="cond" truecount="2" falsecount="0"/>
        <line num="9" count="1" type="stmt"/>
        <line num="10" count="1" type="stmt"/>
        <line num="12" count="8" type="stmt"/>
        <line num="15" count="1" type="stmt"/>
        <line num="16" count="0" type="stmt"/>
        <line num="17" count="0" type="stmt"/>
        <line num="18" count="0" type="stmt"/>
        <line num="19" count="0" type="stmt"/>
        <line num="20" count="0" type="stmt"/>
        <line num="21" count="0" type="cond" truecount="0" falsecount="2"/>
        <line num="22" count="0" type="stmt"/>
        <line num="23" count="0" type="stmt"/>
        <line num="24" count="0" type="stmt"/>
        <line num="25" count="0" type="cond" truecount="0" falsecount="2"/>
        <line num="26" count="0" type="stmt"/>
        <line num="30" count="0" type="stmt"/>
        <line num="31" count="0" type="stmt"/>
        <line num="32" count="0" type="stmt"/>
        <line num="33" count="0" type="cond" truecount="0" falsecount="2"/>
        <line num="34" count="0" type="stmt"/>
      </file>
    </package>
  </project>
</coverage>
