{"C:\\Users\\LEEHANEY\\Desktop\\microverse\\module2\\block2\\todo-review\\src\\__mock__\\utils.js": {"path":"C:\\Users\\LEEHANEY\\Desktop\\microverse\\module2\\block2\\todo-review\\src\\__mock__\\utils.js","statementMap":{"0":{"start":{"line":3,"column":16},"end":{"line":16,"column":1}},"1":{"start":{"line":4,"column":17},"end":{"line":4,"column":19}},"2":{"start":{"line":5,"column":15},"end":{"line":5,"column":24}},"3":{"start":{"line":6,"column":2},"end":{"line":10,"column":3}},"4":{"start":{"line":7,"column":4},"end":{"line":7,"column":21}},"5":{"start":{"line":9,"column":4},"end":{"line":9,"column":31}},"6":{"start":{"line":11,"column":2},"end":{"line":11,"column":29}},"7":{"start":{"line":12,"column":2},"end":{"line":12,"column":27}},"8":{"start":{"line":13,"column":2},"end":{"line":13,"column":20}},"9":{"start":{"line":14,"column":2},"end":{"line":14,"column":18}},"10":{"start":{"line":15,"column":2},"end":{"line":15,"column":14}},"11":{"start":{"line":18,"column":20},"end":{"line":26,"column":1}},"12":{"start":{"line":19,"column":15},"end":{"line":19,"column":24}},"13":{"start":{"line":20,"column":2},"end":{"line":20,"column":24}},"14":{"start":{"line":21,"column":2},"end":{"line":23,"column":5}},"15":{"start":{"line":22,"column":4},"end":{"line":22,"column":23}},"16":{"start":{"line":24,"column":2},"end":{"line":24,"column":18}},"17":{"start":{"line":25,"column":2},"end":{"line":25,"column":14}},"18":{"start":{"line":28,"column":24},"end":{"line":36,"column":1}},"19":{"start":{"line":29,"column":14},"end":{"line":29,"column":16}},"20":{"start":{"line":30,"column":15},"end":{"line":30,"column":24}},"21":{"start":{"line":31,"column":2},"end":{"line":31,"column":20}},"22":{"start":{"line":32,"column":2},"end":{"line":32,"column":26}},"23":{"start":{"line":33,"column":2},"end":{"line":33,"column":24}},"24":{"start":{"line":34,"column":2},"end":{"line":34,"column":29}},"25":{"start":{"line":35,"column":2},"end":{"line":35,"column":14}},"26":{"start":{"line":38,"column":26},"end":{"line":45,"column":1}},"27":{"start":{"line":39,"column":15},"end":{"line":39,"column":17}},"28":{"start":{"line":40,"column":2},"end":{"line":43,"column":3}},"29":{"start":{"line":41,"column":4},"end":{"line":41,"column":23}},"30":{"start":{"line":42,"column":4},"end":{"line":42,"column":22}},"31":{"start":{"line":44,"column":2},"end":{"line":44,"column":14}}},"fnMap":{"0":{"name":"(anonymous_0)","decl":{"start":{"line":3,"column":16},"end":{"line":3,"column":17}},"loc":{"start":{"line":3,"column":27},"end":{"line":16,"column":1}},"line":3},"1":{"name":"(anonymous_1)","decl":{"start":{"line":18,"column":20},"end":{"line":18,"column":21}},"loc":{"start":{"line":18,"column":31},"end":{"line":26,"column":1}},"line":18},"2":{"name":"(anonymous_2)","decl":{"start":{"line":21,"column":15},"end":{"line":21,"column":16}},"loc":{"start":{"line":21,"column":32},"end":{"line":23,"column":3}},"line":21},"3":{"name":"(anonymous_3)","decl":{"start":{"line":28,"column":24},"end":{"line":28,"column":25}},"loc":{"start":{"line":28,"column":42},"end":{"line":36,"column":1}},"line":28},"4":{"name":"(anonymous_4)","decl":{"start":{"line":38,"column":26},"end":{"line":38,"column":27}},"loc":{"start":{"line":38,"column":39},"end":{"line":45,"column":1}},"line":38}},"branchMap":{"0":{"loc":{"start":{"line":6,"column":2},"end":{"line":10,"column":3}},"type":"if","locations":[{"start":{"line":6,"column":2},"end":{"line":10,"column":3}},{"start":{"line":8,"column":9},"end":{"line":10,"column":3}}],"line":6},"1":{"loc":{"start":{"line":40,"column":2},"end":{"line":43,"column":3}},"type":"if","locations":[{"start":{"line":40,"column":2},"end":{"line":43,"column":3}},{"start":{},"end":{}}],"line":40}},"s":{"0":1,"1":3,"2":3,"3":3,"4":1,"5":2,"6":3,"7":3,"8":3,"9":3,"10":3,"11":1,"12":3,"13":3,"14":3,"15":3,"16":3,"17":3,"18":1,"19":3,"20":3,"21":3,"22":3,"23":3,"24":3,"25":3,"26":1,"27":5,"28":5,"29":3,"30":3,"31":5},"f":{"0":3,"1":3,"2":3,"3":3,"4":5},"b":{"0":[1,2],"1":[3,2]},"_coverageSchema":"1a1c01bbd47fc00a2c39e90264f33305004495a9","hash":"375a8f7d1ab2b774fb2bb7bd5c71867b149eba12"}
,"C:\\Users\\LEEHANEY\\Desktop\\microverse\\module2\\block2\\todo-review\\src\\modules\\complete.js": {"path":"C:\\Users\\LEEHANEY\\Desktop\\microverse\\module2\\block2\\todo-review\\src\\modules\\complete.js","statementMap":{"0":{"start":{"line":1,"column":18},"end":{"line":3,"column":1}},"1":{"start":{"line":2,"column":2},"end":{"line":2,"column":64}},"2":{"start":{"line":5,"column":16},"end":{"line":13,"column":1}},"3":{"start":{"line":6,"column":23},"end":{"line":6,"column":56}},"4":{"start":{"line":7,"column":20},"end":{"line":7,"column":44}},"5":{"start":{"line":8,"column":2},"end":{"line":11,"column":3}},"6":{"start":{"line":9,"column":18},"end":{"line":9,"column":20}},"7":{"start":{"line":10,"column":4},"end":{"line":10,"column":17}},"8":{"start":{"line":12,"column":2},"end":{"line":12,"column":19}},"9":{"start":{"line":15,"column":21},"end":{"line":40,"column":1}},"10":{"start":{"line":16,"column":23},"end":{"line":16,"column":58}},"11":{"start":{"line":17,"column":19},"end":{"line":17,"column":57}},"12":{"start":{"line":18,"column":15},"end":{"line":18,"column":24}},"13":{"start":{"line":19,"column":2},"end":{"line":39,"column":5}},"14":{"start":{"line":20,"column":4},"end":{"line":38,"column":7}},"15":{"start":{"line":21,"column":6},"end":{"line":37,"column":7}},"16":{"start":{"line":22,"column":8},"end":{"line":22,"column":37}},"17":{"start":{"line":23,"column":8},"end":{"line":23,"column":24}},"18":{"start":{"line":24,"column":8},"end":{"line":28,"column":11}},"19":{"start":{"line":25,"column":10},"end":{"line":27,"column":11}},"20":{"start":{"line":26,"column":12},"end":{"line":26,"column":48}},"21":{"start":{"line":30,"column":8},"end":{"line":30,"column":38}},"22":{"start":{"line":31,"column":8},"end":{"line":31,"column":24}},"23":{"start":{"line":32,"column":8},"end":{"line":36,"column":11}},"24":{"start":{"line":33,"column":10},"end":{"line":35,"column":11}},"25":{"start":{"line":34,"column":12},"end":{"line":34,"column":51}}},"fnMap":{"0":{"name":"(anonymous_0)","decl":{"start":{"line":1,"column":18},"end":{"line":1,"column":19}},"loc":{"start":{"line":1,"column":34},"end":{"line":3,"column":1}},"line":1},"1":{"name":"(anonymous_1)","decl":{"start":{"line":5,"column":16},"end":{"line":5,"column":17}},"loc":{"start":{"line":5,"column":22},"end":{"line":13,"column":1}},"line":5},"2":{"name":"(anonymous_2)","decl":{"start":{"line":15,"column":21},"end":{"line":15,"column":22}},"loc":{"start":{"line":15,"column":27},"end":{"line":40,"column":1}},"line":15},"3":{"name":"(anonymous_3)","decl":{"start":{"line":19,"column":23},"end":{"line":19,"column":24}},"loc":{"start":{"line":19,"column":40},"end":{"line":39,"column":3}},"line":19},"4":{"name":"(anonymous_4)","decl":{"start":{"line":20,"column":35},"end":{"line":20,"column":36}},"loc":{"start":{"line":20,"column":41},"end":{"line":38,"column":5}},"line":20},"5":{"name":"(anonymous_5)","decl":{"start":{"line":24,"column":25},"end":{"line":24,"column":26}},"loc":{"start":{"line":24,"column":43},"end":{"line":28,"column":9}},"line":24},"6":{"name":"(anonymous_6)","decl":{"start":{"line":32,"column":25},"end":{"line":32,"column":26}},"loc":{"start":{"line":32,"column":43},"end":{"line":36,"column":9}},"line":32}},"branchMap":{"0":{"loc":{"start":{"line":8,"column":2},"end":{"line":11,"column":3}},"type":"if","locations":[{"start":{"line":8,"column":2},"end":{"line":11,"column":3}},{"start":{},"end":{}}],"line":8},"1":{"loc":{"start":{"line":21,"column":6},"end":{"line":37,"column":7}},"type":"if","locations":[{"start":{"line":21,"column":6},"end":{"line":37,"column":7}},{"start":{"line":29,"column":13},"end":{"line":37,"column":7}}],"line":21},"2":{"loc":{"start":{"line":25,"column":10},"end":{"line":27,"column":11}},"type":"if","locations":[{"start":{"line":25,"column":10},"end":{"line":27,"column":11}},{"start":{},"end":{}}],"line":25},"3":{"loc":{"start":{"line":33,"column":10},"end":{"line":35,"column":11}},"type":"if","locations":[{"start":{"line":33,"column":10},"end":{"line":35,"column":11}},{"start":{},"end":{}}],"line":33}},"s":{"0":1,"1":6,"2":1,"3":9,"4":9,"5":9,"6":1,"7":1,"8":8,"9":1,"10":0,"11":0,"12":0,"13":0,"14":0,"15":0,"16":0,"17":0,"18":0,"19":0,"20":0,"21":0,"22":0,"23":0,"24":0,"25":0},"f":{"0":6,"1":9,"2":0,"3":0,"4":0,"5":0,"6":0},"b":{"0":[1,8],"1":[0,0],"2":[0,0],"3":[0,0]},"_coverageSchema":"1a1c01bbd47fc00a2c39e90264f33305004495a9","hash":"a664d6f87fdde1ae726a4365119dc253cafa5f11"}
}
