TN:
SF:src\__mock__\utils.js
FN:3,(anonymous_0)
FN:18,(anonymous_1)
FN:21,(anonymous_2)
FN:28,(anonymous_3)
FN:38,(anonymous_4)
FN:46,(anonymous_5)
FNF:6
FNH:6
FNDA:3,(anonymous_0)
FNDA:3,(anonymous_1)
FNDA:3,(anonymous_2)
FNDA:3,(anonymous_3)
FNDA:5,(anonymous_4)
FNDA:5,(anonymous_5)
DA:3,1
DA:4,3
DA:5,3
DA:6,3
DA:7,1
DA:9,2
DA:11,3
DA:12,3
DA:13,3
DA:14,3
DA:15,3
DA:18,1
DA:19,3
DA:20,3
DA:21,3
DA:22,3
DA:24,3
DA:25,3
DA:28,1
DA:29,3
DA:30,3
DA:31,3
DA:32,3
DA:33,3
DA:34,3
DA:35,3
DA:38,1
DA:39,5
DA:40,5
DA:41,3
DA:43,5
DA:46,1
DA:47,5
DA:48,5
DA:49,5
LF:35
LH:35
BRDA:6,0,0,1
BRDA:6,0,1,2
BRDA:40,1,0,3
BRDA:40,1,1,2
BRF:4
BRH:4
end_of_record
TN:
SF:src\modules\complete.js
FN:1,(anonymous_0)
FN:5,(anonymous_1)
FN:15,(anonymous_2)
FN:19,(anonymous_3)
FN:20,(anonymous_4)
FN:24,(anonymous_5)
FN:32,(anonymous_6)
FNF:7
FNH:2
FNDA:6,(anonymous_0)
FNDA:9,(anonymous_1)
FNDA:0,(anonymous_2)
FNDA:0,(anonymous_3)
FNDA:0,(anonymous_4)
FNDA:0,(anonymous_5)
FNDA:0,(anonymous_6)
DA:1,1
DA:2,6
DA:5,1
DA:6,9
DA:7,9
DA:8,9
DA:9,1
DA:10,1
DA:12,8
DA:15,1
DA:16,0
DA:17,0
DA:18,0
DA:19,0
DA:20,0
DA:21,0
DA:22,0
DA:23,0
DA:24,0
DA:25,0
DA:26,0
DA:30,0
DA:31,0
DA:32,0
DA:33,0
DA:34,0
LF:26
LH:10
BRDA:8,0,0,1
BRDA:8,0,1,8
BRDA:21,1,0,0
BRDA:21,1,1,0
BRDA:25,2,0,0
BRDA:25,2,1,0
BRDA:33,3,0,0
BRDA:33,3,1,0
BRF:8
BRH:2
end_of_record
